<?xml version="1.0" encoding="UTF-8"?>
<!-- Generated by org.testng.reporters.JUnitReportReporter -->
<testsuite hostname="LAPTOP-0UT6NCQI" failures="0" tests="1" name="com.scm.testscripts.patiquette.SearchorderbydateTest" time="5.044" errors="0" timestamp="2023-07-14T11:01:31 IST" skipped="0">
  <testcase classname="com.scm.testscripts.patiquette.SearchorderbydateTest" name="searchorder" time="5.044"/>
  <system-out>
    <![CDATA[logged in as manufacturer
orders page is displayed
searched based on date]]>
  </system-out>
</testsuite> <!-- com.scm.testscripts.patiquette.SearchorderbydateTest -->
