<?xml version="1.0" encoding="UTF-8"?>
<!-- Generated by org.testng.reporters.JUnitReportReporter -->
<testsuite hostname="LAPTOP-0UT6NCQI" failures="0" tests="4" name="Practice.TestngexecutionTest" time="0.011" errors="0" timestamp="2023-07-11T23:06:14 IST" skipped="1">
  <testcase classname="Practice.TestngexecutionTest" name="acttest3" time="0.006"/>
  <system-out/>
  <testcase classname="Practice.TestngexecutionTest" name="acttest3" time="0.003"/>
  <system-out/>
  <testcase classname="Practice.TestngexecutionTest" name="acttest2" time="0.002"/>
  <system-out/>
  <testcase classname="Practice.TestngexecutionTest" name="acttest1">
    <skipped/>
  </testcase> <!-- acttest1 -->
  <system-out/>
</testsuite> <!-- Practice.TestngexecutionTest -->
