<?xml version="1.0" encoding="UTF-8"?>
<!-- Generated by org.testng.reporters.JUnitReportReporter -->
<testsuite hostname="LAPTOP-0UT6NCQI" failures="0" tests="1" name="com.scm.testscripts.patiquette.PlaceorderTest" time="10.895" errors="0" timestamp="2023-07-14T11:01:31 IST" skipped="0">
  <testcase classname="com.scm.testscripts.patiquette.PlaceorderTest" name="placeorder" time="10.895"/>
  <system-out>
    <![CDATA[logout as admin
logged in as manufacturer
stock got upadted successfully
retailer logged in sucessfully]]>
  </system-out>
</testsuite> <!-- com.scm.testscripts.patiquette.PlaceorderTest -->
