<?xml version="1.0" encoding="UTF-8"?>
<!-- Generated by org.testng.reporters.JUnitReportReporter -->
<testsuite hostname="LAPTOP-0UT6NCQI" failures="0" tests="4" name="Practice.Dataprovider1Test" time="0.009" errors="0" timestamp="2023-07-14T16:19:13 IST" skipped="0">
  <testcase classname="Practice.Dataprovider1Test" name="dataprovide" time="0.006"/>
  <system-out/>
  <testcase classname="Practice.Dataprovider1Test" name="dataprovide" time="0.001"/>
  <system-out/>
  <testcase classname="Practice.Dataprovider1Test" name="dataprovide" time="0.001"/>
  <system-out/>
  <testcase classname="Practice.Dataprovider1Test" name="dataprovide" time="0.001"/>
  <system-out/>
</testsuite> <!-- Practice.Dataprovider1Test -->
