<?xml version="1.0" encoding="UTF-8"?>
<!-- Generated by org.testng.reporters.JUnitReportReporter -->
<testsuite hostname="LAPTOP-0UT6NCQI" failures="0" tests="1" name="Practice.LogintoFacebook" time="38.769" errors="0" timestamp="2023-09-11T11:06:59 IST" skipped="0">
  <testcase classname="Practice.LogintoFacebook" name="Sendmsg" time="38.769"/>
  <system-out/>
</testsuite> <!-- Practice.LogintoFacebook -->
